Arguments: 
  /Users/john.obla/n/bin/node /Users/john.obla/n/bin/yarn create ui-poc --template typescript

PATH: 
  /Users/john.obla/.cabal/bin:/Users/john.obla/.ghcup/bin:/Applications/Postgres.app/Contents/Versions/14/bin:/Users/john.obla/Library/Android/sdk/platform-tools:/Users/john.obla/Library/Android/sdk/tools/bin:/Users/john.obla/Library/Android/sdk/tools:/Users/john.obla/Library/Android/sdk/emulator:/Users/john.obla/nvim-osx64/bin:/Users/john.obla/n/bin:/Users/john/Library/Android/sdk/platform-tools:/Users/john/Library/Android/sdk/tools/bin:/Users/john/Library/Android/sdk/tools:/Users/john/Library/Android/sdk/emulator:/Users/john/bin:/Users/john/nvim-osx64/bin:/opt/local/bin:/Users/john/n/bin:/usr/local/bin:/usr/bin:/bin:/usr/sbin:/sbin:/Library/Apple/usr/bin:/Applications/Postgres.app/Contents/Versions/latest/bin:/Applications/kitty.app/Contents/MacOS

Yarn version: 
  1.22.15

Node version: 
  14.18.0

Platform: 
  darwin x64

Trace: 
  Error: https://registry.yarnpkg.com/create-ui-poc: Not found
      at Request.params.callback [as _callback] (/Users/john.obla/n/lib/node_modules/yarn/lib/cli.js:66140:18)
      at Request.self.callback (/Users/john.obla/n/lib/node_modules/yarn/lib/cli.js:140885:22)
      at Request.emit (events.js:400:28)
      at Request.<anonymous> (/Users/john.obla/n/lib/node_modules/yarn/lib/cli.js:141857:10)
      at Request.emit (events.js:400:28)
      at IncomingMessage.<anonymous> (/Users/john.obla/n/lib/node_modules/yarn/lib/cli.js:141779:12)
      at Object.onceWrapper (events.js:519:28)
      at IncomingMessage.emit (events.js:412:35)
      at endReadableNT (internal/streams/readable.js:1334:12)
      at processTicksAndRejections (internal/process/task_queues.js:82:21)

npm manifest: 
  {
    "dependencies": {
      "create-next-app": "^12.0.8"
    }
  }

yarn manifest: 
  No manifest

Lockfile: 
  # THIS IS AN AUTOGENERATED FILE. DO NOT EDIT THIS FILE DIRECTLY.
  # yarn lockfile v1
  
  
  create-next-app@^12.0.8:
    version "12.0.8"
    resolved "https://registry.yarnpkg.com/create-next-app/-/create-next-app-12.0.8.tgz#ccba9c72e0eba781e0542375758a6be19c14f287"
    integrity sha512-7CegAQOt02ON+/cZgzh7pyuXw0MNNVRletJC9j3qlcqY5UWm3nr1tQ2DVTc2K0hCQH36tr6RDfeEiJIKBjVsQg==
